<?xml version="1.0" encoding="UTF-8"?>
<testsuite xmlns:xsi="http://www.w3.org/2001/XMLSchema-instance" xsi:noNamespaceSchemaLocation="https://maven.apache.org/surefire/maven-surefire-plugin/xsd/surefire-test-report.xsd" name="TestSuite" time="4.847" tests="6" errors="0" skipped="0" failures="0">
  <properties>
[...]
</properties>
  <testcase name="runScenario" classname="com.openweathermap.runners.TestRunner" time="1.864"/>
  <testcase name="runScenario" classname="com.openweathermap.runners.TestRunner" time="0.321"/>
  <testcase name="runScenario" classname="com.openweathermap.runners.TestRunner" time="0.3"/>
  <testcase name="runScenario" classname="com.openweathermap.runners.TestRunner" time="0.294"/>
  <testcase name="runScenario" classname="com.openweathermap.runners.TestRunner" time="0.291"/>
  <testcase name="runScenario" classname="com.openweathermap.runners.TestRunner" time="0.291"/>
</testsuite>