<?xml version="1.0" encoding="UTF-8"?>
<testng-results ignored="0" total="6" passed="6" failed="0" skipped="0">
  <reporter-output>
  </reporter-output>
  <suite started-at="2021-07-03T12:03:18 ICT" name="Surefire suite" finished-at="2021-07-03T12:03:22 ICT" duration-ms="3911">
    <groups>
      <group name="cucumber">
        <method signature="AbstractTestNGCucumberTests.runScenario(io.cucumber.testng.PickleWrapper,io.cucumber.testng.FeatureWrapper)[pri:0, instance:com.openweathermap.runners.TestRunner@71a794e5]" name="runScenario" class="io.cucumber.testng.AbstractTestNGCucumberTests"/>
      </group> <!-- cucumber -->
    </groups>
    <test started-at="2021-07-03T12:03:18 ICT" name="Surefire test" finished-at="2021-07-03T12:03:22 ICT" duration-ms="3911">
      <class name="com.openweathermap.runners.TestRunner">
        <test-method is-config="true" signature="setUpClass()[pri:0, instance:com.openweathermap.runners.TestRunner@71a794e5]" started-at="2021-07-03T12:03:18 ICT" name="setUpClass" finished-at="2021-07-03T12:03:18 ICT" duration-ms="383" status="PASS">
          <reporter-output>
          </reporter-output>
        </test-method> <!-- setUpClass -->
        <test-method signature="runScenario(io.cucumber.testng.PickleWrapper,io.cucumber.testng.FeatureWrapper)[pri:0, instance:com.openweathermap.runners.TestRunner@71a794e5]" started-at="2021-07-03T12:03:18 ICT" name="runScenario" description="Runs Cucumber Scenarios" data-provider="scenarios" finished-at="2021-07-03T12:03:20 ICT" duration-ms="1862" status="PASS">
          <params>
            <param index="0">
              <value>
                <![CDATA["Search weather with valid city name"]]>
              </value>
            </param>
            <param index="1">
              <value>
                <![CDATA["Optional[Search weather in your city]"]]>
              </value>
            </param>
          </params>
          <reporter-output>
          </reporter-output>
        </test-method> <!-- runScenario -->
        <test-method signature="runScenario(io.cucumber.testng.PickleWrapper,io.cucumber.testng.FeatureWrapper)[pri:0, instance:com.openweathermap.runners.TestRunner@71a794e5]" started-at="2021-07-03T12:03:20 ICT" name="runScenario" description="Runs Cucumber Scenarios" data-provider="scenarios" finished-at="2021-07-03T12:03:20 ICT" duration-ms="322" status="PASS">
          <params>
            <param index="0">
              <value>
                <![CDATA["Search weather with valid city name and country code"]]>
              </value>
            </param>
            <param index="1">
              <value>
                <![CDATA["Optional[Search weather in your city]"]]>
              </value>
            </param>
          </params>
          <reporter-output>
          </reporter-output>
        </test-method> <!-- runScenario -->
        <test-method signature="runScenario(io.cucumber.testng.PickleWrapper,io.cucumber.testng.FeatureWrapper)[pri:0, instance:com.openweathermap.runners.TestRunner@71a794e5]" started-at="2021-07-03T12:03:20 ICT" name="runScenario" description="Runs Cucumber Scenarios" data-provider="scenarios" finished-at="2021-07-03T12:03:21 ICT" duration-ms="300" status="PASS">
          <params>
            <param index="0">
              <value>
                <![CDATA["Search weather with invalid city name"]]>
              </value>
            </param>
            <param index="1">
              <value>
                <![CDATA["Optional[Search weather in your city]"]]>
              </value>
            </param>
          </params>
          <reporter-output>
          </reporter-output>
        </test-method> <!-- runScenario -->
        <test-method signature="runScenario(io.cucumber.testng.PickleWrapper,io.cucumber.testng.FeatureWrapper)[pri:0, instance:com.openweathermap.runners.TestRunner@71a794e5]" started-at="2021-07-03T12:03:21 ICT" name="runScenario" description="Runs Cucumber Scenarios" data-provider="scenarios" finished-at="2021-07-03T12:03:21 ICT" duration-ms="295" status="PASS">
          <params>
            <param index="0">
              <value>
                <![CDATA["Search weather with valid city name and invalid country code"]]>
              </value>
            </param>
            <param index="1">
              <value>
                <![CDATA["Optional[Search weather in your city]"]]>
              </value>
            </param>
          </params>
          <reporter-output>
          </reporter-output>
        </test-method> <!-- runScenario -->
        <test-method signature="runScenario(io.cucumber.testng.PickleWrapper,io.cucumber.testng.FeatureWrapper)[pri:0, instance:com.openweathermap.runners.TestRunner@71a794e5]" started-at="2021-07-03T12:03:21 ICT" name="runScenario" description="Runs Cucumber Scenarios" data-provider="scenarios" finished-at="2021-07-03T12:03:21 ICT" duration-ms="291" status="PASS">
          <params>
            <param index="0">
              <value>
                <![CDATA["Search weather with empty"]]>
              </value>
            </param>
            <param index="1">
              <value>
                <![CDATA["Optional[Search weather in your city]"]]>
              </value>
            </param>
          </params>
          <reporter-output>
          </reporter-output>
        </test-method> <!-- runScenario -->
        <test-method signature="runScenario(io.cucumber.testng.PickleWrapper,io.cucumber.testng.FeatureWrapper)[pri:0, instance:com.openweathermap.runners.TestRunner@71a794e5]" started-at="2021-07-03T12:03:21 ICT" name="runScenario" description="Runs Cucumber Scenarios" data-provider="scenarios" finished-at="2021-07-03T12:03:22 ICT" duration-ms="290" status="PASS">
          <params>
            <param index="0">
              <value>
                <![CDATA["Search weather with keyword less than three characters"]]>
              </value>
            </param>
            <param index="1">
              <value>
                <![CDATA["Optional[Search weather in your city]"]]>
              </value>
            </param>
          </params>
          <reporter-output>
          </reporter-output>
        </test-method> <!-- runScenario -->
        <test-method is-config="true" signature="tearDownClass()[pri:0, instance:com.openweathermap.runners.TestRunner@71a794e5]" started-at="2021-07-03T12:03:22 ICT" name="tearDownClass" finished-at="2021-07-03T12:03:22 ICT" duration-ms="141" status="PASS">
          <reporter-output>
          </reporter-output>
        </test-method> <!-- tearDownClass -->
      </class> <!-- com.openweathermap.runners.TestRunner -->
    </test> <!-- Surefire test -->
  </suite> <!-- Surefire suite -->
</testng-results>
